Arguments: 
  /usr/bin/node /mnt/c/Program Files (x86)/Yarn/bin/yarn.js publish

PATH: 
  /usr/local/sbin:/usr/local/bin:/usr/sbin:/usr/bin:/sbin:/bin:/usr/games:/usr/local/games:/mnt/c/Program Files/WindowsApps/CanonicalGroupLimited.Ubuntu18.04onWindows_1804.2019.522.0_x64__79rhkp1fndgsc:/mnt/c/Windows/System32:/mnt/c/Windows:/mnt/c/Windows/System32/wbem:/mnt/c/Windows/System32/WindowsPowerShell/v1.0:/mnt/c/Windows/System32/OpenSSH:/mnt/c/Program Files/nodejs:/mnt/c/Program Files/Git/cmd:/mnt/c/Program Files (x86)/Yarn/bin:/mnt/c/Users/vic/AppData/Local/Programs/Python/Python37-32/Scripts:/mnt/c/Users/vic/AppData/Local/Programs/Python/Python37-32:/mnt/c/Ruby25-x64/bin:/mnt/c/Users/vic/AppData/Local/Microsoft/WindowsApps:/mnt/c/Users/vic/AppData/Roaming/npm:/mnt/c/Users/vic/AppData/Local/Programs/Microsoft VS Code/bin:/mnt/c/Program Files/JetBrains/WebStorm 2018.3.5/bin:/mnt/c/Users/vic/AppData/Local/Yarn/bin:/mnt/c/Users/vic/AppData/Local/GitHubDesktop/bin:/mnt/c/ProgramData/vic/GitHubDesktop/bin:/snap/bin

Yarn version: 
  1.15.2

Node version: 
  8.10.0

Platform: 
  linux x64

Trace: 
  SyntaxError: /mnt/c/projects/version-patcher/package.json: Unexpected token } in JSON at position 555
      at JSON.parse (<anonymous>)
      at /mnt/c/Program Files (x86)/Yarn/lib/cli.js:1625:59
      at Generator.next (<anonymous>)
      at step (/mnt/c/Program Files (x86)/Yarn/lib/cli.js:304:30)
      at /mnt/c/Program Files (x86)/Yarn/lib/cli.js:315:13
      at <anonymous>

npm manifest: 
  {
    "name": "version-patcher",
    "version": "1.0.2",
    "description": "Allow to update version in several json files",
    "files": [
      "bin",
      "version-patcher.config.sample.json"
    ],
    "bin": {
      "version-patcher": "bin/version-patcher.js"
    },
    "repository": {
      "type": "git",
      "url": "https://github.com/id141365154/version-patcher"
    },
    "keywords": [
      "remote",
      "diff",
      "api",
      "changes"
    ],
    "author": "Victor Kulyabin <id141365154@gmail.com>",
    "license": "ISC",
    "dependencies": {
      "print-message": "^2.1.0",
    },
    "devDependencies": {}
  }

yarn manifest: 
  No manifest

Lockfile: 
  No lockfile
